[32m[Pascal][0m Running with ['cores', 'input', 'repetitions']
[32m[Pascal][0m Cores: 128 Input: 0 
[32m[Pascal][0m Total time 0.022166967391967773
[32m[Pascal][0m Cores: 128 Input: 1 
[32m[Pascal][0m Total time 0.0034105777740478516
[32m[Pascal][0m Cores: 128 Input: 2 
[32m[Pascal][0m Total time 0.003173351287841797
[32m[Pascal][0m Cores: 128 Input: 3 
[32m[Pascal][0m Total time 0.0031578540802001953
[32m[Pascal][0m Cores: 128 Input: 4 
[32m[Pascal][0m Total time 0.0030248165130615234
[32m[Pascal][0m Cores: 128 Input: 5 
[32m[Pascal][0m Total time 0.0029625892639160156
[32m[Pascal][0m Cores: 128 Input: 6 
[32m[Pascal][0m Total time 0.003010988235473633
[32m[Pascal][0m Cores: 128 Input: 7 
[32m[Pascal][0m Total time 0.0031599998474121094
[32m[Pascal][0m Cores: 64 Input: 0 
[32m[Pascal][0m Total time 0.002963542938232422
[32m[Pascal][0m Cores: 64 Input: 1 
[32m[Pascal][0m Total time 0.0033953189849853516
[32m[Pascal][0m Cores: 64 Input: 2 
[32m[Pascal][0m Total time 0.0030889511108398438
[32m[Pascal][0m Cores: 64 Input: 3 
[32m[Pascal][0m Total time 0.0030324459075927734
[32m[Pascal][0m Cores: 64 Input: 4 
[32m[Pascal][0m Total time 0.003027677536010742
[32m[Pascal][0m Cores: 64 Input: 5 
[32m[Pascal][0m Total time 0.003070831298828125
[32m[Pascal][0m Cores: 64 Input: 6 
[32m[Pascal][0m Total time 0.0030498504638671875
[32m[Pascal][0m Cores: 64 Input: 7 
[32m[Pascal][0m Total time 0.0029838085174560547
[32m[Pascal][0m Cores: 32 Input: 0 
[32m[Pascal][0m Total time 0.003844738006591797
[32m[Pascal][0m Cores: 32 Input: 1 
[32m[Pascal][0m Total time 0.003110170364379883
[32m[Pascal][0m Cores: 32 Input: 2 
[32m[Pascal][0m Total time 0.0030059814453125
[32m[Pascal][0m Cores: 32 Input: 3 
[32m[Pascal][0m Total time 0.003162860870361328
[32m[Pascal][0m Cores: 32 Input: 4 
[32m[Pascal][0m Total time 0.0031583309173583984
[32m[Pascal][0m Cores: 32 Input: 5 
[32m[Pascal][0m Total time 0.0032196044921875
[32m[Pascal][0m Cores: 32 Input: 6 
[32m[Pascal][0m Total time 0.003147602081298828
[32m[Pascal][0m Cores: 32 Input: 7 
[32m[Pascal][0m Total time 0.0030469894409179688
[32m[Pascal][0m Cores: 16 Input: 0 
[32m[Pascal][0m Total time 0.0031354427337646484
[32m[Pascal][0m Cores: 16 Input: 1 
[32m[Pascal][0m Total time 0.003063678741455078
[32m[Pascal][0m Cores: 16 Input: 2 
[32m[Pascal][0m Total time 0.0030481815338134766
[32m[Pascal][0m Cores: 16 Input: 3 
[32m[Pascal][0m Total time 0.002972126007080078
[32m[Pascal][0m Cores: 16 Input: 4 
[32m[Pascal][0m Total time 0.0030739307403564453
[32m[Pascal][0m Cores: 16 Input: 5 
[32m[Pascal][0m Total time 0.0028715133666992188
[32m[Pascal][0m Cores: 16 Input: 6 
[32m[Pascal][0m Total time 0.003223419189453125
[32m[Pascal][0m Cores: 16 Input: 7 
[32m[Pascal][0m Total time 0.0034313201904296875
[32m[Pascal][0m Cores: 8 Input: 0 
[32m[Pascal][0m Total time 0.003213167190551758
[32m[Pascal][0m Cores: 8 Input: 1 
[32m[Pascal][0m Total time 0.003134012222290039
[32m[Pascal][0m Cores: 8 Input: 2 
[32m[Pascal][0m Total time 0.0031087398529052734
[32m[Pascal][0m Cores: 8 Input: 3 
[32m[Pascal][0m Total time 0.003168344497680664
[32m[Pascal][0m Cores: 8 Input: 4 
[32m[Pascal][0m Total time 0.003242015838623047
[32m[Pascal][0m Cores: 8 Input: 5 
[32m[Pascal][0m Total time 0.003213167190551758
[32m[Pascal][0m Cores: 8 Input: 6 
[32m[Pascal][0m Total time 0.0030241012573242188
[32m[Pascal][0m Cores: 8 Input: 7 
[32m[Pascal][0m Total time 0.0031480789184570312
[32m[Pascal][0m Cores: 4 Input: 0 
[32m[Pascal][0m Total time 0.0032520294189453125
[32m[Pascal][0m Cores: 4 Input: 1 
[32m[Pascal][0m Total time 0.0031862258911132812
[32m[Pascal][0m Cores: 4 Input: 2 
[32m[Pascal][0m Total time 0.0030832290649414062
[32m[Pascal][0m Cores: 4 Input: 3 
[32m[Pascal][0m Total time 0.0030171871185302734
[32m[Pascal][0m Cores: 4 Input: 4 
[32m[Pascal][0m Total time 0.00324249267578125
[32m[Pascal][0m Cores: 4 Input: 5 
[32m[Pascal][0m Total time 0.0030472278594970703
[32m[Pascal][0m Cores: 4 Input: 6 
[32m[Pascal][0m Total time 0.0030679702758789062
[32m[Pascal][0m Cores: 4 Input: 7 
[32m[Pascal][0m Total time 0.0031108856201171875
[32m[Pascal][0m Cores: 2 Input: 0 
[32m[Pascal][0m Total time 0.0031435489654541016
[32m[Pascal][0m Cores: 2 Input: 1 
[32m[Pascal][0m Total time 0.0029213428497314453
[32m[Pascal][0m Cores: 2 Input: 2 
[32m[Pascal][0m Total time 0.003091573715209961
[32m[Pascal][0m Cores: 2 Input: 3 
[32m[Pascal][0m Total time 0.0030260086059570312
[32m[Pascal][0m Cores: 2 Input: 4 
[32m[Pascal][0m Total time 0.003011941909790039
[32m[Pascal][0m Cores: 2 Input: 5 
[32m[Pascal][0m Total time 0.003176450729370117
[32m[Pascal][0m Cores: 2 Input: 6 
[32m[Pascal][0m Total time 0.0029785633087158203
[32m[Pascal][0m Cores: 2 Input: 7 
[32m[Pascal][0m Total time 0.0031223297119140625
[32m[Pascal][0m Cores: 1 Input: 0 
[32m[Pascal][0m Total time 0.0031538009643554688
[32m[Pascal][0m Cores: 1 Input: 1 
[32m[Pascal][0m Total time 0.003120899200439453
[32m[Pascal][0m Cores: 1 Input: 2 
[32m[Pascal][0m Total time 0.002992391586303711
[32m[Pascal][0m Cores: 1 Input: 3 
[32m[Pascal][0m Total time 0.0031185150146484375
[32m[Pascal][0m Cores: 1 Input: 4 
[32m[Pascal][0m Total time 0.003278017044067383
[32m[Pascal][0m Cores: 1 Input: 5 
[32m[Pascal][0m Total time 0.003047466278076172
[32m[Pascal][0m Cores: 1 Input: 6 
[32m[Pascal][0m Total time 0.0029044151306152344
[32m[Pascal][0m Cores: 1 Input: 7 
[32m[Pascal][0m Total time 0.003095388412475586
[32m[Pascal][0m ***** Done! *****
[32m[Pascal][0m Saving data
