[32m[Pascal][0m Running with ['cores', 'input', 'repetitions']
[32m[Pascal][0m Cores: 128 Input: 0 
[32m[Pascal][0m Total time 0.003908634185791016
[32m[Pascal][0m Cores: 128 Input: 1 
[32m[Pascal][0m Total time 0.0030536651611328125
[32m[Pascal][0m Cores: 128 Input: 2 
[32m[Pascal][0m Total time 0.0029163360595703125
[32m[Pascal][0m Cores: 128 Input: 3 
[32m[Pascal][0m Total time 0.0027790069580078125
[32m[Pascal][0m Cores: 128 Input: 4 
[32m[Pascal][0m Total time 0.002848386764526367
[32m[Pascal][0m Cores: 128 Input: 5 
[32m[Pascal][0m Total time 0.0028028488159179688
[32m[Pascal][0m Cores: 128 Input: 6 
[32m[Pascal][0m Total time 0.002881765365600586
[32m[Pascal][0m Cores: 128 Input: 7 
[32m[Pascal][0m Total time 0.002845287322998047
[32m[Pascal][0m Cores: 64 Input: 0 
[32m[Pascal][0m Total time 0.002890348434448242
[32m[Pascal][0m Cores: 64 Input: 1 
[32m[Pascal][0m Total time 0.002847433090209961
[32m[Pascal][0m Cores: 64 Input: 2 
[32m[Pascal][0m Total time 0.0027751922607421875
[32m[Pascal][0m Cores: 64 Input: 3 
[32m[Pascal][0m Total time 0.002811908721923828
[32m[Pascal][0m Cores: 64 Input: 4 
[32m[Pascal][0m Total time 0.002727508544921875
[32m[Pascal][0m Cores: 64 Input: 5 
[32m[Pascal][0m Total time 0.002785205841064453
[32m[Pascal][0m Cores: 64 Input: 6 
[32m[Pascal][0m Total time 0.0029604434967041016
[32m[Pascal][0m Cores: 64 Input: 7 
[32m[Pascal][0m Total time 0.002790212631225586
[32m[Pascal][0m Cores: 32 Input: 0 
[32m[Pascal][0m Total time 0.0028743743896484375
[32m[Pascal][0m Cores: 32 Input: 1 
[32m[Pascal][0m Total time 0.0027618408203125
[32m[Pascal][0m Cores: 32 Input: 2 
[32m[Pascal][0m Total time 0.0028281211853027344
[32m[Pascal][0m Cores: 32 Input: 3 
[32m[Pascal][0m Total time 0.002838134765625
[32m[Pascal][0m Cores: 32 Input: 4 
[32m[Pascal][0m Total time 0.0028128623962402344
[32m[Pascal][0m Cores: 32 Input: 5 
[32m[Pascal][0m Total time 0.0028336048126220703
[32m[Pascal][0m Cores: 32 Input: 6 
[32m[Pascal][0m Total time 0.002754688262939453
[32m[Pascal][0m Cores: 32 Input: 7 
[32m[Pascal][0m Total time 0.002919435501098633
[32m[Pascal][0m Cores: 16 Input: 0 
[32m[Pascal][0m Total time 0.002810239791870117
[32m[Pascal][0m Cores: 16 Input: 1 
[32m[Pascal][0m Total time 0.002927541732788086
[32m[Pascal][0m Cores: 16 Input: 2 
[32m[Pascal][0m Total time 0.0027434825897216797
[32m[Pascal][0m Cores: 16 Input: 3 
[32m[Pascal][0m Total time 0.0027484893798828125
[32m[Pascal][0m Cores: 16 Input: 4 
[32m[Pascal][0m Total time 0.0028159618377685547
[32m[Pascal][0m Cores: 16 Input: 5 
[32m[Pascal][0m Total time 0.002748250961303711
[32m[Pascal][0m Cores: 16 Input: 6 
[32m[Pascal][0m Total time 0.002767324447631836
[32m[Pascal][0m Cores: 16 Input: 7 
[32m[Pascal][0m Total time 0.0029087066650390625
[32m[Pascal][0m Cores: 8 Input: 0 
[32m[Pascal][0m Total time 0.0029234886169433594
[32m[Pascal][0m Cores: 8 Input: 1 
[32m[Pascal][0m Total time 0.0028243064880371094
[32m[Pascal][0m Cores: 8 Input: 2 
[32m[Pascal][0m Total time 0.0028815269470214844
[32m[Pascal][0m Cores: 8 Input: 3 
[32m[Pascal][0m Total time 0.002724885940551758
[32m[Pascal][0m Cores: 8 Input: 4 
[32m[Pascal][0m Total time 0.0027582645416259766
[32m[Pascal][0m Cores: 8 Input: 5 
[32m[Pascal][0m Total time 0.0028841495513916016
[32m[Pascal][0m Cores: 8 Input: 6 
[32m[Pascal][0m Total time 0.0028438568115234375
[32m[Pascal][0m Cores: 8 Input: 7 
[32m[Pascal][0m Total time 0.0028650760650634766
[32m[Pascal][0m Cores: 4 Input: 0 
[32m[Pascal][0m Total time 0.0028045177459716797
[32m[Pascal][0m Cores: 4 Input: 1 
[32m[Pascal][0m Total time 0.0029497146606445312
[32m[Pascal][0m Cores: 4 Input: 2 
[32m[Pascal][0m Total time 0.0028007030487060547
[32m[Pascal][0m Cores: 4 Input: 3 
[32m[Pascal][0m Total time 0.002777576446533203
[32m[Pascal][0m Cores: 4 Input: 4 
[32m[Pascal][0m Total time 0.0028684139251708984
[32m[Pascal][0m Cores: 4 Input: 5 
[32m[Pascal][0m Total time 0.0027582645416259766
[32m[Pascal][0m Cores: 4 Input: 6 
[32m[Pascal][0m Total time 0.002895355224609375
[32m[Pascal][0m Cores: 4 Input: 7 
[32m[Pascal][0m Total time 0.0028295516967773438
[32m[Pascal][0m Cores: 2 Input: 0 
[32m[Pascal][0m Total time 0.002838611602783203
[32m[Pascal][0m Cores: 2 Input: 1 
[32m[Pascal][0m Total time 0.002829313278198242
[32m[Pascal][0m Cores: 2 Input: 2 
[32m[Pascal][0m Total time 0.002796173095703125
[32m[Pascal][0m Cores: 2 Input: 3 
[32m[Pascal][0m Total time 0.002799510955810547
[32m[Pascal][0m Cores: 2 Input: 4 
[32m[Pascal][0m Total time 0.0028274059295654297
[32m[Pascal][0m Cores: 2 Input: 5 
[32m[Pascal][0m Total time 0.0028405189514160156
[32m[Pascal][0m Cores: 2 Input: 6 
[32m[Pascal][0m Total time 0.002783060073852539
[32m[Pascal][0m Cores: 2 Input: 7 
[32m[Pascal][0m Total time 0.0027620792388916016
[32m[Pascal][0m Cores: 1 Input: 0 
[32m[Pascal][0m Total time 0.003098726272583008
[32m[Pascal][0m Cores: 1 Input: 1 
[32m[Pascal][0m Total time 0.0028524398803710938
[32m[Pascal][0m Cores: 1 Input: 2 
[32m[Pascal][0m Total time 0.002763032913208008
[32m[Pascal][0m Cores: 1 Input: 3 
[32m[Pascal][0m Total time 0.0028760433197021484
[32m[Pascal][0m Cores: 1 Input: 4 
[32m[Pascal][0m Total time 0.0028755664825439453
[32m[Pascal][0m Cores: 1 Input: 5 
[32m[Pascal][0m Total time 0.003050565719604492
[32m[Pascal][0m Cores: 1 Input: 6 
[32m[Pascal][0m Total time 0.0029244422912597656
[32m[Pascal][0m Cores: 1 Input: 7 
[32m[Pascal][0m Total time 0.0031511783599853516
[32m[Pascal][0m ***** Done! *****
[32m[Pascal][0m Saving data
