[32m[Pascal][0m Running with ['cores', 'input', 'repetitions']
[32m[Pascal][0m Cores: 128 Input: 0 
[32m[Pascal][0m Total time 0.1370251178741455
[32m[Pascal][0m Cores: 128 Input: 1 
[32m[Pascal][0m Total time 0.004159450531005859
[32m[Pascal][0m Cores: 128 Input: 2 
[32m[Pascal][0m Total time 0.0034096240997314453
[32m[Pascal][0m Cores: 128 Input: 3 
[32m[Pascal][0m Total time 0.0037932395935058594
[32m[Pascal][0m Cores: 128 Input: 4 
[32m[Pascal][0m Total time 0.003567218780517578
[32m[Pascal][0m Cores: 128 Input: 5 
[32m[Pascal][0m Total time 0.0033872127532958984
[32m[Pascal][0m Cores: 128 Input: 6 
[32m[Pascal][0m Total time 0.0033957958221435547
[32m[Pascal][0m Cores: 128 Input: 7 
[32m[Pascal][0m Total time 0.003345966339111328
[32m[Pascal][0m Cores: 64 Input: 0 
[32m[Pascal][0m Total time 0.003330230712890625
[32m[Pascal][0m Cores: 64 Input: 1 
[32m[Pascal][0m Total time 0.0032956600189208984
[32m[Pascal][0m Cores: 64 Input: 2 
[32m[Pascal][0m Total time 0.003350973129272461
[32m[Pascal][0m Cores: 64 Input: 3 
[32m[Pascal][0m Total time 0.0032389163970947266
[32m[Pascal][0m Cores: 64 Input: 4 
[32m[Pascal][0m Total time 0.0033769607543945312
[32m[Pascal][0m Cores: 64 Input: 5 
[32m[Pascal][0m Total time 0.0036575794219970703
[32m[Pascal][0m Cores: 64 Input: 6 
[32m[Pascal][0m Total time 0.003187894821166992
[32m[Pascal][0m Cores: 64 Input: 7 
[32m[Pascal][0m Total time 0.003284454345703125
[32m[Pascal][0m Cores: 32 Input: 0 
[32m[Pascal][0m Total time 0.00341796875
[32m[Pascal][0m Cores: 32 Input: 1 
[32m[Pascal][0m Total time 0.003295421600341797
[32m[Pascal][0m Cores: 32 Input: 2 
[32m[Pascal][0m Total time 0.003225088119506836
[32m[Pascal][0m Cores: 32 Input: 3 
[32m[Pascal][0m Total time 0.003142118453979492
[32m[Pascal][0m Cores: 32 Input: 4 
[32m[Pascal][0m Total time 0.003253936767578125
[32m[Pascal][0m Cores: 32 Input: 5 
[32m[Pascal][0m Total time 0.003175020217895508
[32m[Pascal][0m Cores: 32 Input: 6 
[32m[Pascal][0m Total time 0.0031185150146484375
[32m[Pascal][0m Cores: 32 Input: 7 
[32m[Pascal][0m Total time 0.003130674362182617
[32m[Pascal][0m Cores: 16 Input: 0 
[32m[Pascal][0m Total time 0.003298521041870117
[32m[Pascal][0m Cores: 16 Input: 1 
[32m[Pascal][0m Total time 0.003106355667114258
[32m[Pascal][0m Cores: 16 Input: 2 
[32m[Pascal][0m Total time 0.0030465126037597656
[32m[Pascal][0m Cores: 16 Input: 3 
[32m[Pascal][0m Total time 0.003038167953491211
[32m[Pascal][0m Cores: 16 Input: 4 
[32m[Pascal][0m Total time 0.0032472610473632812
[32m[Pascal][0m Cores: 16 Input: 5 
[32m[Pascal][0m Total time 0.003078460693359375
[32m[Pascal][0m Cores: 16 Input: 6 
[32m[Pascal][0m Total time 0.0030515193939208984
[32m[Pascal][0m Cores: 16 Input: 7 
[32m[Pascal][0m Total time 0.003421783447265625
[32m[Pascal][0m Cores: 8 Input: 0 
[32m[Pascal][0m Total time 0.003262758255004883
[32m[Pascal][0m Cores: 8 Input: 1 
[32m[Pascal][0m Total time 0.003052949905395508
[32m[Pascal][0m Cores: 8 Input: 2 
[32m[Pascal][0m Total time 0.0032389163970947266
[32m[Pascal][0m Cores: 8 Input: 3 
[32m[Pascal][0m Total time 0.0029604434967041016
[32m[Pascal][0m Cores: 8 Input: 4 
[32m[Pascal][0m Total time 0.0030705928802490234
[32m[Pascal][0m Cores: 8 Input: 5 
[32m[Pascal][0m Total time 0.003167867660522461
[32m[Pascal][0m Cores: 8 Input: 6 
[32m[Pascal][0m Total time 0.0030357837677001953
[32m[Pascal][0m Cores: 8 Input: 7 
[32m[Pascal][0m Total time 0.0030155181884765625
[32m[Pascal][0m Cores: 4 Input: 0 
[32m[Pascal][0m Total time 0.003070354461669922
[32m[Pascal][0m Cores: 4 Input: 1 
[32m[Pascal][0m Total time 0.003007650375366211
[32m[Pascal][0m Cores: 4 Input: 2 
[32m[Pascal][0m Total time 0.003113269805908203
[32m[Pascal][0m Cores: 4 Input: 3 
[32m[Pascal][0m Total time 0.0030264854431152344
[32m[Pascal][0m Cores: 4 Input: 4 
[32m[Pascal][0m Total time 0.003101348876953125
[32m[Pascal][0m Cores: 4 Input: 5 
[32m[Pascal][0m Total time 0.002991199493408203
[32m[Pascal][0m Cores: 4 Input: 6 
[32m[Pascal][0m Total time 0.003183603286743164
[32m[Pascal][0m Cores: 4 Input: 7 
[32m[Pascal][0m Total time 0.003093719482421875
[32m[Pascal][0m Cores: 2 Input: 0 
[32m[Pascal][0m Total time 0.0031366348266601562
[32m[Pascal][0m Cores: 2 Input: 1 
[32m[Pascal][0m Total time 0.003154277801513672
[32m[Pascal][0m Cores: 2 Input: 2 
[32m[Pascal][0m Total time 0.0030617713928222656
[32m[Pascal][0m Cores: 2 Input: 3 
[32m[Pascal][0m Total time 0.003139019012451172
[32m[Pascal][0m Cores: 2 Input: 4 
[32m[Pascal][0m Total time 0.0031120777130126953
[32m[Pascal][0m Cores: 2 Input: 5 
[32m[Pascal][0m Total time 0.0030524730682373047
[32m[Pascal][0m Cores: 2 Input: 6 
[32m[Pascal][0m Total time 0.003214120864868164
[32m[Pascal][0m Cores: 2 Input: 7 
[32m[Pascal][0m Total time 0.0030934810638427734
[32m[Pascal][0m Cores: 1 Input: 0 
[32m[Pascal][0m Total time 0.0034193992614746094
[32m[Pascal][0m Cores: 1 Input: 1 
[32m[Pascal][0m Total time 0.0031774044036865234
[32m[Pascal][0m Cores: 1 Input: 2 
[32m[Pascal][0m Total time 0.0033762454986572266
[32m[Pascal][0m Cores: 1 Input: 3 
[32m[Pascal][0m Total time 0.00324249267578125
[32m[Pascal][0m Cores: 1 Input: 4 
[32m[Pascal][0m Total time 0.0031709671020507812
[32m[Pascal][0m Cores: 1 Input: 5 
[32m[Pascal][0m Total time 0.003349781036376953
[32m[Pascal][0m Cores: 1 Input: 6 
[32m[Pascal][0m Total time 0.003255605697631836
[32m[Pascal][0m Cores: 1 Input: 7 
[32m[Pascal][0m Total time 0.0034151077270507812
[32m[Pascal][0m ***** Done! *****
[32m[Pascal][0m Saving data
